2025-10-17 13:25:52,919 [INFO] Activator:176 - 


2025-10-17 13:25:52,921 [INFO] Activator:177 - !SESSION log4j initialized
2025-10-17 13:25:56,753 [INFO] LogOutputStream:77 - [STDOUT_REDIRECT] 
2025-10-17 13:25:59,414 [INFO] ApplicationProperties:184 - Using Application install path: C:\ST\STM32CubeIDE_1.19.0\STM32CubeIDE\plugins\com.st.stm32cube.common.mx_6.15.0.202507011659
2025-10-17 13:25:59,448 [INFO] DbMcusXml:78 - Set database path to: C:\ST\STM32CubeIDE_1.19.0\STM32CubeIDE\plugins\com.st.stm32cube.common.mx_6.15.0.202507011659\\db\/mcu/
2025-10-17 13:25:59,449 [INFO] ApiDb:274 - Set plugin database path to: C:\ST\STM32CubeIDE_1.19.0\STM32CubeIDE\plugins\com.st.stm32cube.common.mx_6.15.0.202507011659\\db\/plugins/boardmanager/
2025-10-17 13:25:59,450 [WARN] ApiDb:259 - Overriding images path with different value:  => C:\ST\STM32CubeIDE_1.19.0\STM32CubeIDE\plugins\com.st.stm32cube.common.mx_6.15.0.202507011659\\db\/plugins/mcufinder/images/
2025-10-17 13:25:59,467 [INFO] ApiDb:250 - Set database path to: C:\Users\Owner\.stmcufinder\plugins\mcufinder//mcu/
2025-10-17 13:25:59,469 [INFO] DbMcusAds:125 - Set database path to: C:\Users\Owner\.stmcufinder\plugins\mcufinder//mcu/
2025-10-17 13:25:59,472 [INFO] CrossReferenceDbSqlite:203 - Set database path to: C:\Users\Owner\.stmcufinder\plugins\mcufinder//mcu/cs/
2025-10-17 13:25:59,634 [INFO] RulesReader:64 - Compatibility file has been processed (317 Rules)
2025-10-17 13:25:59,761 [INFO] DbMcusXml:78 - Set database path to: C:\ST\STM32CubeIDE_1.19.0\STM32CubeIDE\plugins\com.st.stm32cube.common.mx_6.15.0.202507011659\\db\/mcu/
2025-10-17 13:25:59,761 [INFO] ApiDb:274 - Set plugin database path to: C:\ST\STM32CubeIDE_1.19.0\STM32CubeIDE\plugins\com.st.stm32cube.common.mx_6.15.0.202507011659\\db\/plugins/boardmanager/
2025-10-17 13:25:59,761 [INFO] ApiDb:261 - Set plugin images path to: C:\ST\STM32CubeIDE_1.19.0\STM32CubeIDE\plugins\com.st.stm32cube.common.mx_6.15.0.202507011659\\db\/plugins/mcufinder/images/
2025-10-17 13:25:59,762 [WARN] DbFile:41 - Overriding database path with different value: C:\Users\Owner\.stmcufinder\plugins\mcufinder/ => C:\Users\Owner\.stmcufinder\plugins\mcufinder
2025-10-17 13:25:59,762 [INFO] ApiDb:250 - Set database path to: C:\Users\Owner\.stmcufinder\plugins\mcufinder//mcu/
2025-10-17 13:25:59,762 [WARN] DbFile:41 - Overriding database path with different value: C:\Users\Owner\.stmcufinder\plugins\mcufinder/ => C:\Users\Owner\.stmcufinder\plugins\mcufinder
2025-10-17 13:25:59,762 [INFO] DbMcusAds:125 - Set database path to: C:\Users\Owner\.stmcufinder\plugins\mcufinder//mcu/
2025-10-17 13:25:59,762 [WARN] DbFile:41 - Overriding database path with different value: C:\Users\Owner\.stmcufinder\plugins\mcufinder/ => C:\Users\Owner\.stmcufinder\plugins\mcufinder
2025-10-17 13:25:59,763 [WARN] DbFile:41 - Overriding database path with different value: C:\Users\Owner\.stmcufinder\plugins\mcufinder/ => C:\Users\Owner\.stmcufinder\plugins\mcufinder
2025-10-17 13:25:59,763 [INFO] CrossReferenceDbSqlite:203 - Set database path to: C:\Users\Owner\.stmcufinder\plugins\mcufinder//mcu/cs/
2025-10-17 13:25:59,879 [INFO] MainPanel:274 - HeapMemory: 268435456
2025-10-17 13:26:00,049 [INFO] DbMcusXml:78 - Set database path to: C:\ST\STM32CubeIDE_1.19.0\STM32CubeIDE\plugins\com.st.stm32cube.common.mx_6.15.0.202507011659\\db\/mcu/
2025-10-17 13:26:00,050 [INFO] ApiDb:274 - Set plugin database path to: C:\ST\STM32CubeIDE_1.19.0\STM32CubeIDE\plugins\com.st.stm32cube.common.mx_6.15.0.202507011659\\db\/plugins/boardmanager/
2025-10-17 13:26:00,050 [INFO] ApiDb:261 - Set plugin images path to: C:\ST\STM32CubeIDE_1.19.0\STM32CubeIDE\plugins\com.st.stm32cube.common.mx_6.15.0.202507011659\\db\/plugins/mcufinder/images/
2025-10-17 13:26:00,050 [WARN] DbFile:41 - Overriding database path with different value: C:\Users\Owner\.stmcufinder\plugins\mcufinder/ => C:\Users\Owner\.stmcufinder\plugins\mcufinder
2025-10-17 13:26:00,050 [INFO] ApiDb:250 - Set database path to: C:\Users\Owner\.stmcufinder\plugins\mcufinder//mcu/
2025-10-17 13:26:00,050 [WARN] DbFile:41 - Overriding database path with different value: C:\Users\Owner\.stmcufinder\plugins\mcufinder/ => C:\Users\Owner\.stmcufinder\plugins\mcufinder
2025-10-17 13:26:00,051 [INFO] DbMcusAds:125 - Set database path to: C:\Users\Owner\.stmcufinder\plugins\mcufinder//mcu/
2025-10-17 13:26:00,051 [WARN] DbFile:41 - Overriding database path with different value: C:\Users\Owner\.stmcufinder\plugins\mcufinder/ => C:\Users\Owner\.stmcufinder\plugins\mcufinder
2025-10-17 13:26:00,051 [WARN] DbFile:41 - Overriding database path with different value: C:\Users\Owner\.stmcufinder\plugins\mcufinder/ => C:\Users\Owner\.stmcufinder\plugins\mcufinder
2025-10-17 13:26:00,051 [INFO] CrossReferenceDbSqlite:203 - Set database path to: C:\Users\Owner\.stmcufinder\plugins\mcufinder//mcu/cs/
2025-10-17 13:26:00,075 [INFO] ApplicationProperties:184 - Using Application install path: C:\ST\STM32CubeIDE_1.19.0\STM32CubeIDE\plugins\com.st.stm32cube.common.mx_6.15.0.202507011659
2025-10-17 13:26:00,076 [INFO] PluginManage:196 - Search for loadable plugins [exclusion list=, ]
2025-10-17 13:26:00,079 [INFO] PluginManage:310 - Check plugin analytics
2025-10-17 13:26:00,406 [INFO] AnalyticsPlugin:253 - Accepted Software Licenses: 
2025-10-17 13:26:00,406 [INFO] AnalyticsPlugin:255 - Accepted CMSIS Pack Licenses: 
2025-10-17 13:26:00,406 [INFO] AnalyticsPlugin:257 - Accepted Firmware Licenses: FW.H7.1.12.0
2025-10-17 13:26:00,412 [INFO] PluginManage:359 - Loaded plugin analytics (category:tool,tabindex:-1)
2025-10-17 13:26:00,412 [INFO] PluginManage:310 - Check plugin cadmodel
2025-10-17 13:26:00,438 [INFO] CADModel:105 - Init CAD model plugin
2025-10-17 13:26:00,438 [INFO] PluginManage:359 - Loaded plugin cadmodel (category:power,tabindex:5)
2025-10-17 13:26:00,438 [INFO] PluginManage:310 - Check plugin clock
2025-10-17 13:26:00,466 [INFO] PluginManage:359 - Loaded plugin clock (category:base,tabindex:2)
2025-10-17 13:26:00,467 [INFO] PluginManage:310 - Check plugin ddr
2025-10-17 13:26:00,470 [INFO] PluginManage:359 - Loaded plugin ddr (category:tool,tabindex:6)
2025-10-17 13:26:00,470 [INFO] PluginManage:310 - Check plugin filemanager
2025-10-17 13:26:00,783 [INFO] PluginManage:359 - Loaded plugin filemanager (category:base,tabindex:10)
2025-10-17 13:26:00,784 [INFO] PluginManage:310 - Check plugin ipmanager
2025-10-17 13:26:00,803 [INFO] PluginManage:359 - Loaded plugin ipmanager (category:base,tabindex:5)
2025-10-17 13:26:00,803 [INFO] PluginManage:310 - Check plugin lpbam
2025-10-17 13:26:00,830 [INFO] PluginManage:359 - Loaded plugin lpbam (category:base,tabindex:0)
2025-10-17 13:26:00,830 [INFO] PluginManage:310 - Check plugin memorymap
2025-10-17 13:26:00,867 [INFO] PluginManage:359 - Loaded plugin memorymap (category:base,tabindex:4)
2025-10-17 13:26:00,867 [INFO] PluginManage:310 - Check plugin pinoutandconfiguration
2025-10-17 13:26:00,896 [INFO] PluginManage:359 - Loaded plugin pinoutandconfiguration (category:base,tabindex:1)
2025-10-17 13:26:00,896 [INFO] PluginManage:310 - Check plugin pinoutconfig
2025-10-17 13:26:01,030 [WARN] SupportedApi:132 - Cannot load RTOS API schema: s4s-elt-must-match.1: The content of 'definitions' must match (annotation?, (simpleType | complexType)?, (unique | key | keyref)*)). A problem was found starting at: attribute.
2025-10-17 13:26:01,204 [INFO] PluginManage:359 - Loaded plugin pinoutconfig (category:base,tabindex:0)
2025-10-17 13:26:01,204 [INFO] PluginManage:310 - Check plugin power
2025-10-17 13:26:01,233 [INFO] PluginManage:359 - Loaded plugin power (category:power,tabindex:4)
2025-10-17 13:26:01,233 [INFO] PluginManage:310 - Check plugin projectmanager
2025-10-17 13:26:01,265 [INFO] PluginManage:359 - Loaded plugin projectmanager (category:projectmanager,tabindex:4)
2025-10-17 13:26:01,266 [INFO] PluginManage:310 - Check plugin rif
2025-10-17 13:26:01,297 [INFO] PluginManage:359 - Loaded plugin rif (category:base,tabindex:3)
2025-10-17 13:26:01,297 [INFO] PluginManage:310 - Check plugin thirdparty
2025-10-17 13:26:01,755 [INFO] PluginManage:359 - Loaded plugin thirdparty (category:base,tabindex:-1)
2025-10-17 13:26:01,755 [WARN] IntegrityCheckThread:84 - waiting for thirdparty lock release [integrity check]
2025-10-17 13:26:01,756 [INFO] IntegrityCheckThread:86 - entering critical section [integrity check]
2025-10-17 13:26:01,756 [INFO] ThirdPartyUpdaterWithRetryManager:70 - Updater plugin not ready yet. [1/15]
2025-10-17 13:26:01,756 [INFO] PluginManage:310 - Check plugin tools
2025-10-17 13:26:01,815 [INFO] PluginManage:359 - Loaded plugin tools (category:base,tabindex:7)
2025-10-17 13:26:01,816 [INFO] PluginManage:310 - Check plugin tutovideos
2025-10-17 13:26:02,154 [INFO] PluginManage:359 - Loaded plugin tutovideos (category:base,tabindex:-1)
2025-10-17 13:26:02,155 [INFO] PluginManage:310 - Check plugin updater
2025-10-17 13:26:02,199 [INFO] PluginManage:359 - Loaded plugin updater (category:base,tabindex:12)
2025-10-17 13:26:02,200 [INFO] PluginManage:310 - Check plugin userauth
2025-10-17 13:26:02,212 [INFO] UserAuth:118 - Init User Auth plugin
2025-10-17 13:26:02,212 [INFO] PluginManage:359 - Loaded plugin userauth (category:base,tabindex:14)
2025-10-17 13:26:02,213 [INFO] PluginManage:283 - PluginManage : Loaded plugins [18]
2025-10-17 13:26:02,466 [INFO] PinOutPanel:1589 - setPackage(No Configuration,No Configuration)
2025-10-17 13:26:02,579 [INFO] CADModel:165 - CPN selected for project level
2025-10-17 13:26:02,579 [INFO] CADModel:114 - Register for checkConnection events
2025-10-17 13:26:02,627 [INFO] IPUIPlugin:80 - create IPUIPlugin
2025-10-17 13:26:02,628 [INFO] PluginManager:220 - loadIPPluginJar : add adc
2025-10-17 13:26:02,687 [INFO] IPUIPlugin:80 - create IPUIPlugin
2025-10-17 13:26:02,687 [INFO] PluginManager:220 - loadIPPluginJar : add aes
2025-10-17 13:26:02,756 [INFO] IPUIPlugin:80 - create IPUIPlugin
2025-10-17 13:26:02,756 [INFO] PluginManager:220 - loadIPPluginJar : add can
2025-10-17 13:26:02,798 [INFO] IPUIPlugin:80 - create IPUIPlugin
2025-10-17 13:26:02,798 [INFO] PluginManager:220 - loadIPPluginJar : add comp
2025-10-17 13:26:02,849 [INFO] IPUIPlugin:80 - create IPUIPlugin
2025-10-17 13:26:02,850 [INFO] PluginManager:220 - loadIPPluginJar : add cryp
2025-10-17 13:26:02,870 [INFO] IPUIPlugin:80 - create IPUIPlugin
2025-10-17 13:26:02,870 [INFO] PluginManager:220 - loadIPPluginJar : add ddr_ctrl_phy
2025-10-17 13:26:02,919 [INFO] IPUIPlugin:80 - create IPUIPlugin
2025-10-17 13:26:02,920 [INFO] PluginManager:220 - loadIPPluginJar : add dfsdm
2025-10-17 13:26:02,940 [INFO] IPUIPlugin:80 - create IPUIPlugin
2025-10-17 13:26:02,940 [INFO] PluginManager:220 - loadIPPluginJar : add dma
2025-10-17 13:26:03,003 [INFO] IPUIPlugin:80 - create IPUIPlugin
2025-10-17 13:26:03,003 [INFO] PluginManager:220 - loadIPPluginJar : add dma3
2025-10-17 13:26:03,076 [INFO] IPUIPlugin:80 - create IPUIPlugin
2025-10-17 13:26:03,076 [INFO] PluginManager:220 - loadIPPluginJar : add extmemmanager
2025-10-17 13:26:03,112 [INFO] IPUIPlugin:80 - create IPUIPlugin
2025-10-17 13:26:03,113 [INFO] PluginManager:220 - loadIPPluginJar : add fatfs
2025-10-17 13:26:03,190 [INFO] IPUIPlugin:80 - create IPUIPlugin
2025-10-17 13:26:03,190 [INFO] PluginManager:220 - loadIPPluginJar : add fmc
2025-10-17 13:26:03,214 [INFO] IPUIPlugin:80 - create IPUIPlugin
2025-10-17 13:26:03,214 [INFO] PluginManager:220 - loadIPPluginJar : add freertos
2025-10-17 13:26:03,248 [INFO] IPUIPlugin:80 - create IPUIPlugin
2025-10-17 13:26:03,248 [INFO] PluginManager:220 - loadIPPluginJar : add genericplugin
2025-10-17 13:26:03,396 [INFO] IPUIPlugin:80 - create IPUIPlugin
2025-10-17 13:26:03,396 [INFO] PluginManager:220 - loadIPPluginJar : add gfxmmu
2025-10-17 13:26:03,605 [INFO] IPUIPlugin:80 - create IPUIPlugin
2025-10-17 13:26:03,605 [INFO] PluginManager:220 - loadIPPluginJar : add gic
2025-10-17 13:26:03,626 [INFO] IPUIPlugin:80 - create IPUIPlugin
2025-10-17 13:26:03,626 [INFO] PluginManager:220 - loadIPPluginJar : add gpio
2025-10-17 13:26:03,763 [INFO] IPUIPlugin:80 - create IPUIPlugin
2025-10-17 13:26:03,763 [INFO] PluginManager:220 - loadIPPluginJar : add gtzc
2025-10-17 13:26:03,818 [INFO] IPUIPlugin:80 - create IPUIPlugin
2025-10-17 13:26:03,818 [INFO] PluginManager:220 - loadIPPluginJar : add hash
2025-10-17 13:26:03,901 [INFO] IPUIPlugin:80 - create IPUIPlugin
2025-10-17 13:26:03,901 [INFO] PluginManager:220 - loadIPPluginJar : add i2c
2025-10-17 13:26:03,962 [INFO] IPUIPlugin:80 - create IPUIPlugin
2025-10-17 13:26:03,962 [INFO] PluginManager:220 - loadIPPluginJar : add i2s
2025-10-17 13:26:04,028 [INFO] IPUIPlugin:80 - create IPUIPlugin
2025-10-17 13:26:04,029 [INFO] PluginManager:220 - loadIPPluginJar : add i3c
2025-10-17 13:26:04,179 [INFO] IPUIPlugin:80 - create IPUIPlugin
2025-10-17 13:26:04,180 [INFO] PluginManager:220 - loadIPPluginJar : add ipddr
2025-10-17 13:26:04,322 [INFO] IPUIPlugin:80 - create IPUIPlugin
2025-10-17 13:26:04,323 [INFO] PluginManager:220 - loadIPPluginJar : add linkedlist
2025-10-17 13:26:04,380 [INFO] IPUIPlugin:80 - create IPUIPlugin
2025-10-17 13:26:04,381 [INFO] PluginManager:220 - loadIPPluginJar : add lorawan
2025-10-17 13:26:04,435 [INFO] IPUIPlugin:80 - create IPUIPlugin
2025-10-17 13:26:04,435 [INFO] PluginManager:220 - loadIPPluginJar : add ltdc
2025-10-17 13:26:04,454 [INFO] IPUIPlugin:80 - create IPUIPlugin
2025-10-17 13:26:04,454 [INFO] PluginManager:220 - loadIPPluginJar : add mdma
2025-10-17 13:26:04,473 [INFO] IPUIPlugin:80 - create IPUIPlugin
2025-10-17 13:26:04,474 [INFO] PluginManager:220 - loadIPPluginJar : add nvic
2025-10-17 13:26:04,535 [INFO] IPUIPlugin:80 - create IPUIPlugin
2025-10-17 13:26:04,536 [INFO] PluginManager:220 - loadIPPluginJar : add opamp
2025-10-17 13:26:04,650 [INFO] IPUIPlugin:80 - create IPUIPlugin
2025-10-17 13:26:04,650 [INFO] PluginManager:220 - loadIPPluginJar : add openamp
2025-10-17 13:26:04,722 [INFO] IPUIPlugin:80 - create IPUIPlugin
2025-10-17 13:26:04,722 [INFO] PluginManager:220 - loadIPPluginJar : add pdm2pcm
2025-10-17 13:26:04,743 [INFO] IPUIPlugin:80 - create IPUIPlugin
2025-10-17 13:26:04,746 [INFO] PluginManager:220 - loadIPPluginJar : add plateformsettings
2025-10-17 13:26:04,757 [INFO] ThirdPartyUpdaterWithRetryManager:70 - Updater plugin not ready yet. [2/15]
2025-10-17 13:26:04,789 [INFO] IPUIPlugin:80 - create IPUIPlugin
2025-10-17 13:26:04,789 [INFO] PluginManager:220 - loadIPPluginJar : add quadspi
2025-10-17 13:26:04,833 [INFO] IPUIPlugin:80 - create IPUIPlugin
2025-10-17 13:26:04,834 [INFO] PluginManager:220 - loadIPPluginJar : add radio
2025-10-17 13:26:04,856 [INFO] IPUIPlugin:80 - create IPUIPlugin
2025-10-17 13:26:04,856 [INFO] PluginManager:220 - loadIPPluginJar : add resmgrutility
2025-10-17 13:26:04,932 [INFO] IPUIPlugin:80 - create IPUIPlugin
2025-10-17 13:26:04,932 [INFO] PluginManager:220 - loadIPPluginJar : add sai
2025-10-17 13:26:04,994 [INFO] IPUIPlugin:80 - create IPUIPlugin
2025-10-17 13:26:04,994 [INFO] PluginManager:220 - loadIPPluginJar : add spi
2025-10-17 13:26:05,114 [INFO] IPUIPlugin:80 - create IPUIPlugin
2025-10-17 13:26:05,114 [INFO] PluginManager:220 - loadIPPluginJar : add stm32_wpan
2025-10-17 13:26:05,156 [INFO] IPUIPlugin:80 - create IPUIPlugin
2025-10-17 13:26:05,156 [INFO] PluginManager:220 - loadIPPluginJar : add tim
2025-10-17 13:26:05,253 [INFO] IPUIPlugin:80 - create IPUIPlugin
2025-10-17 13:26:05,253 [INFO] PluginManager:220 - loadIPPluginJar : add touchsensing
2025-10-17 13:26:05,291 [INFO] IPUIPlugin:80 - create IPUIPlugin
2025-10-17 13:26:05,291 [INFO] PluginManager:220 - loadIPPluginJar : add tracer_emb
2025-10-17 13:26:05,331 [INFO] IPUIPlugin:80 - create IPUIPlugin
2025-10-17 13:26:05,332 [INFO] PluginManager:220 - loadIPPluginJar : add ts
2025-10-17 13:26:05,370 [INFO] IPUIPlugin:80 - create IPUIPlugin
2025-10-17 13:26:05,370 [INFO] PluginManager:220 - loadIPPluginJar : add tsc
2025-10-17 13:26:05,408 [INFO] IPUIPlugin:80 - create IPUIPlugin
2025-10-17 13:26:05,409 [INFO] PluginManager:220 - loadIPPluginJar : add ucpd
2025-10-17 13:26:05,481 [INFO] IPUIPlugin:80 - create IPUIPlugin
2025-10-17 13:26:05,481 [INFO] PluginManager:220 - loadIPPluginJar : add usart
2025-10-17 13:26:05,556 [INFO] IPUIPlugin:80 - create IPUIPlugin
2025-10-17 13:26:05,556 [INFO] PluginManager:220 - loadIPPluginJar : add usbx
2025-10-17 13:26:05,694 [FATAL] Updater:351 - Updater called before beeing initialized
2025-10-17 13:26:05,735 [INFO] RulesReader:64 - Compatibility file has been processed (317 Rules)
2025-10-17 13:26:05,760 [INFO] RulesReader:64 - Compatibility file has been processed (317 Rules)
2025-10-17 13:26:05,789 [INFO] CADModel:165 - CPN selected for project level
2025-10-17 13:26:05,789 [INFO] CADModel:114 - Register for checkConnection events
2025-10-17 13:26:05,789 [FATAL] Updater:351 - Updater called before beeing initialized
2025-10-17 13:26:05,789 [ERROR] CADModel:125 - Updater not yet initialized, retry later 
2025-10-17 13:26:06,118 [FATAL] Updater:351 - Updater called before beeing initialized
2025-10-17 13:26:06,120 [INFO] CADModel:165 - CPN selected for project level
2025-10-17 13:26:06,121 [INFO] CADModel:114 - Register for checkConnection events
2025-10-17 13:26:06,121 [FATAL] Updater:351 - Updater called before beeing initialized
2025-10-17 13:26:06,121 [ERROR] CADModel:125 - Updater not yet initialized, retry later 
2025-10-17 13:26:06,125 [FATAL] Updater:351 - Updater called before beeing initialized
2025-10-17 13:26:06,321 [FATAL] Updater:351 - Updater called before beeing initialized
2025-10-17 13:26:06,347 [INFO] DbMcusAds:53 - JSON generation date=Tue Jul 08 02:14:23 MDT 2025 (1751962463524)
2025-10-17 13:26:06,347 [FATAL] Updater:351 - Updater called before beeing initialized
2025-10-17 13:26:06,401 [WARN] DetailPanel:346 - Failed to get advertising image, set to default
2025-10-17 13:26:06,496 [FATAL] Updater:351 - Updater called before beeing initialized
2025-10-17 13:26:06,498 [FATAL] Updater:351 - Updater called before beeing initialized
2025-10-17 13:26:06,499 [FATAL] Updater:351 - Updater called before beeing initialized
2025-10-17 13:26:06,499 [WARN] DetailPanel:346 - Failed to get advertising image, set to default
2025-10-17 13:26:06,500 [FATAL] Updater:351 - Updater called before beeing initialized
2025-10-17 13:26:06,587 [ERROR] Updater:1198 - MainUpdater not yet initialized. External WinMGr cannot be set.
2025-10-17 13:26:06,602 [INFO] Updater:1134 - Updater Version found : 6.15.0
2025-10-17 13:26:06,621 [INFO] ApplicationProperties:184 - Using Application install path: C:\ST\STM32CubeIDE_1.19.0\STM32CubeIDE\plugins\com.st.stm32cube.common.mx_6.15.0.202507011659
2025-10-17 13:26:07,758 [INFO] ThirdPartyUpdaterWithRetryManager:70 - Updater plugin not ready yet. [3/15]
2025-10-17 13:26:08,210 [ERROR] LogOutputStream:75 - [STDERR_REDIRECT] Oct 17, 2025 1:26:08 PM java.util.prefs.WindowsPreferences <init>
2025-10-17 13:26:08,212 [ERROR] LogOutputStream:75 - [STDERR_REDIRECT] WARNING: Could not open/create prefs root node Software\JavaSoft\Prefs at root 0xffffffff80000002. Windows RegCreateKeyEx(...) returned error code 5.
2025-10-17 13:26:08,212 [ERROR] LogOutputStream:75 - [STDERR_REDIRECT] 
2025-10-17 13:26:08,707 [INFO] MainUpdater:2872 - connection check result : 10
2025-10-17 13:26:08,709 [INFO] MainUpdater:3604 - Updater definition file requires update
2025-10-17 13:26:08,710 [INFO] MainUpdater:289 - Updater Check For Update Now.
2025-10-17 13:26:08,710 [INFO] MicroXplorer:498 - Change Database Version : DB.6.0.150
2025-10-17 13:26:08,738 [INFO] McuFinderGlobals:63 - Set McuFinder mode to 2 (CubeIDE integrated)
2025-10-17 13:26:08,748 [INFO] UserAuth:487 - Internet connection configuration mode: 1
2025-10-17 13:26:08,787 [INFO] JxBrowserEngine:152 - Initiate JxBrowser Engine with user profile folder
2025-10-17 13:26:09,635 [INFO] ServerAccessManage:452 - Complete download http(s) 200
2025-10-17 13:26:09,635 [INFO] ServerAccessManage:509 - Download File updaters.zip
2025-10-17 13:26:09,754 [INFO] FileExtend:248 - Unzip File : updaters.zip
2025-10-17 13:26:09,754 [INFO] FileExtend:263 - Standard Zip Deflate
2025-10-17 13:26:10,758 [WARN] MainUpdater:1193 - Updater busy. Cannot search thirdparties
2025-10-17 13:26:10,759 [INFO] ThirdPartyUpdaterWithRetryManager:96 - Updater plugin is busy. [1/15]
2025-10-17 13:26:11,051 [INFO] ServerAccessManage:452 - Complete download http(s) 200
2025-10-17 13:26:11,051 [INFO] ServerAccessManage:509 - Download File PacksControlFlags.xml
2025-10-17 13:26:11,308 [INFO] WebApp:169 - Instantiating new browser for Auth
2025-10-17 13:26:11,580 [INFO] ServerAccessManage:452 - Complete download http(s) 200
2025-10-17 13:26:11,580 [INFO] ServerAccessManage:509 - Download File cubemx.pidx
2025-10-17 13:26:12,602 [INFO] ServerAccessManage:452 - Complete download http(s) 200
2025-10-17 13:26:12,602 [INFO] ServerAccessManage:509 - Download File STMicroelectronics.X-CUBE-IPS.pdsc
2025-10-17 13:26:12,976 [INFO] WebApp:463 - Apply proxy settings
2025-10-17 13:26:12,976 [INFO] WebApp:548 - Chromium requires no authentication
2025-10-17 13:26:13,049 [INFO] WebApp:491 - Direct internet connection detected
2025-10-17 13:26:13,249 [INFO] ServerAccessManage:452 - Complete download http(s) 200
2025-10-17 13:26:13,249 [INFO] ServerAccessManage:509 - Download File STMicroelectronics.X-CUBE-ST60.pdsc
2025-10-17 13:26:13,256 [INFO] WebApp:900 - Register for checkConnection events
2025-10-17 13:26:13,256 [INFO] WebApp:463 - Apply proxy settings
2025-10-17 13:26:13,256 [INFO] WebApp:548 - Chromium requires no authentication
2025-10-17 13:26:13,257 [INFO] WebApp:491 - Direct internet connection detected
2025-10-17 13:26:13,310 [INFO] WebApp:191 - Connection restablished
2025-10-17 13:26:13,478 [INFO] ServerAccessManage:452 - Complete download http(s) 200
2025-10-17 13:26:13,478 [INFO] ServerAccessManage:509 - Download File STMicroelectronics.X-CUBE-ST67W61.pdsc
2025-10-17 13:26:13,707 [INFO] WebApp:225 - Starting web application
2025-10-17 13:26:13,707 [INFO] WebApp:593 - Web application path used C:\ST\STM32CubeIDE_1.19.0\STM32CubeIDE\plugins\com.st.stm32cube.common.mx_6.15.0.202507011659\db\plugins\mcufinder\reactClient1\index.html
2025-10-17 13:26:13,760 [WARN] MainUpdater:1193 - Updater busy. Cannot search thirdparties
2025-10-17 13:26:13,760 [INFO] ThirdPartyUpdaterWithRetryManager:96 - Updater plugin is busy. [2/15]
2025-10-17 13:26:14,072 [INFO] UserAuth:487 - Internet connection configuration mode: 1
2025-10-17 13:26:15,076 [INFO] CheckServerUpdateThread:120 - End of CheckServer Thread
2025-10-17 13:26:15,306 [WARN] PackLoader:240 - Cannot read IP mode file for STMicroelectronics.X-CUBE-IPS.3.2.0
2025-10-17 13:26:15,411 [WARN] PackLoader:240 - Cannot read IP mode file for STMicroelectronics.X-CUBE-ST60.1.1.0
2025-10-17 13:26:15,422 [WARN] PackLoader:240 - Cannot read IP mode file for STMicroelectronics.X-CUBE-ST67W61.1.1.0
2025-10-17 13:26:15,424 [INFO] PopulateThirdPartyThread:66 - Ending populate Thread
2025-10-17 13:26:15,431 [INFO] ThirdParty:1030 - CMSIS Pack Vendor :STMicroelectronics X-CUBE-ST67W61 1.1.0
2025-10-17 13:26:15,431 [INFO] ThirdParty:1030 - CMSIS Pack Vendor :STMicroelectronics X-CUBE-IPS 3.2.0
2025-10-17 13:26:15,431 [INFO] ThirdParty:1030 - CMSIS Pack Vendor :STMicroelectronics X-CUBE-ST60 1.1.0
2025-10-17 13:26:15,432 [INFO] LoadServerUpdatesThread:375 - End of LoadServerUpdate Thread
2025-10-17 13:26:17,143 [WARN] PackLoader:240 - Cannot read IP mode file for STMicroelectronics.FP-SNS-MOTENVWB1.1.4.0
2025-10-17 13:26:17,154 [WARN] PackLoader:240 - Cannot read IP mode file for STMicroelectronics.FP-ATR-ASTRA1.2.0.2
2025-10-17 13:26:17,177 [WARN] PackLoader:240 - Cannot read IP mode file for STMicroelectronics.X-CUBE-SMBUS.2.1.0
2025-10-17 13:26:17,197 [WARN] PackLoader:240 - Cannot read IP mode file for STMicroelectronics.X-CUBE-ST60.1.0.0
2025-10-17 13:26:17,248 [WARN] PackLoader:240 - Cannot read IP mode file for STMicroelectronics.X-CUBE-AZRTOS-F7.1.1.0
2025-10-17 13:26:17,259 [WARN] PackLoader:240 - Cannot read IP mode file for Cesanta.I-CUBE-Mongoose.7.19.0
2025-10-17 13:26:17,284 [WARN] PackLoader:240 - Cannot read IP mode file for WES.I-CUBE-Cesium.1.4.0
2025-10-17 13:26:17,328 [WARN] PackLoader:240 - Cannot read IP mode file for Infineon.AIROC-Wi-Fi-Bluetooth-STM32.1.7.1
2025-10-17 13:26:17,374 [WARN] PackLoader:240 - Cannot read IP mode file for STMicroelectronics.X-CUBE-AZRTOS-H7.3.4.0
2025-10-17 13:26:17,403 [WARN] PackLoader:240 - Cannot read IP mode file for STMicroelectronics.X-CUBE-DISPLAY.3.0.0
2025-10-17 13:26:17,429 [WARN] PackLoader:240 - Cannot read IP mode file for STMicroelectronics.X-CUBE-NFC10.1.0.0
2025-10-17 13:26:17,434 [WARN] PackLoader:240 - Cannot read IP mode file for STMicroelectronics.X-CUBE-ST60.1.1.0
2025-10-17 13:26:17,453 [WARN] PackLoader:240 - Cannot read IP mode file for emotas.I-CUBE-CANOPEN.1.3.0
2025-10-17 13:26:17,474 [WARN] PackLoader:240 - Cannot read IP mode file for STMicroelectronics.FP-SNS-STBOX1.2.1.0
2025-10-17 13:26:17,493 [WARN] PackLoader:240 - Cannot read IP mode file for STMicroelectronics.FP-SNS-SMARTAG2.1.2.0
2025-10-17 13:26:17,499 [WARN] PackLoader:240 - Cannot read IP mode file for STMicroelectronics.FP-SNS-FLIGHT1.5.1.0
2025-10-17 13:26:17,523 [INFO] LogOutputStream:77 - [STDOUT_REDIRECT] 1 : Invalid condition id : UX_CORESTACK_Condition cause : null
2025-10-17 13:26:17,525 [INFO] LogOutputStream:77 - [STDOUT_REDIRECT] 1 : Invalid condition id : UX_CORESTACK_Condition cause : null
2025-10-17 13:26:17,526 [INFO] LogOutputStream:77 - [STDOUT_REDIRECT] 1 : Invalid condition id : UX_CORESTACK_Condition cause : null
2025-10-17 13:26:17,527 [INFO] LogOutputStream:77 - [STDOUT_REDIRECT] 1 : Invalid condition id : UX_CORESTACK_Condition cause : null
2025-10-17 13:26:17,528 [INFO] LogOutputStream:77 - [STDOUT_REDIRECT] 1 : Invalid condition id : UX_CORESTACK_Condition cause : null
2025-10-17 13:26:17,531 [WARN] PackLoader:240 - Cannot read IP mode file for STMicroelectronics.X-CUBE-AZRTOS-WL.2.0.0
2025-10-17 13:26:17,550 [WARN] PackLoader:240 - Cannot read IP mode file for STMicroelectronics.FP-SNS-MOTENV1.5.0.0
2025-10-17 13:26:17,569 [WARN] PackLoader:240 - Cannot read IP mode file for STMicroelectronics.X-CUBE-BLE2.3.3.0
2025-10-17 13:26:17,591 [WARN] PackLoader:240 - Cannot read IP mode file for STMicroelectronics.X-CUBE-NFC9.1.0.0
2025-10-17 13:26:17,611 [WARN] PackLoader:240 - Cannot read IP mode file for wolfSSL.I-CUBE-wolfSSL.5.8.2
2025-10-17 13:26:17,629 [WARN] PackLoader:240 - Cannot read IP mode file for STMicroelectronics.X-CUBE-BLE1.7.1.0
2025-10-17 13:26:17,635 [WARN] PackLoader:240 - Cannot read IP mode file for wolfSSL.I-CUBE-wolfMQTT.1.19.2
2025-10-17 13:26:17,654 [WARN] PackLoader:240 - Cannot read IP mode file for STMicroelectronics.X-CUBE-EEPRMA1.5.2.0
2025-10-17 13:26:17,659 [WARN] PackLoader:240 - Cannot read IP mode file for STMicroelectronics.X-CUBE-ST67W61.1.1.0
2025-10-17 13:26:17,690 [WARN] PackLoader:240 - Cannot read IP mode file for STMicroelectronics.X-CUBE-AZRTOS-G0.1.1.0
2025-10-17 13:26:17,710 [WARN] PackLoader:240 - Cannot read IP mode file for STMicroelectronics.X-CUBE-SAFEA1.1.2.2
2025-10-17 13:26:17,729 [WARN] PackLoader:240 - Cannot read IP mode file for STMicroelectronics.X-CUBE-NFC4.3.0.0
2025-10-17 13:26:17,749 [WARN] PackLoader:240 - Cannot read IP mode file for EmbeddedOffice.I-CUBE-FS-RTOS.1.0.1
2025-10-17 13:26:17,769 [WARN] PackLoader:240 - Cannot read IP mode file for STMicroelectronics.X-CUBE-WB05N.2.0.0
2025-10-17 13:26:17,775 [WARN] PackLoader:240 - Cannot read IP mode file for wolfSSL.I-CUBE-wolfTPM.3.8.0
2025-10-17 13:26:17,793 [WARN] PackLoader:240 - Cannot read IP mode file for STMicroelectronics.X-CUBE-TCPP.4.2.0
2025-10-17 13:26:17,811 [WARN] PackLoader:240 - Cannot read IP mode file for RealThread.X-CUBE-RT-Thread_Nano.4.1.1
2025-10-17 13:26:17,817 [WARN] PackLoader:240 - Cannot read IP mode file for STMicroelectronics.FP-ATR-SIGFOX1.3.2.0
2025-10-17 13:26:17,835 [WARN] PackLoader:240 - Cannot read IP mode file for ITTIA_DB.I-CUBE-ITTIADB.8.9.0
2025-10-17 13:26:17,855 [WARN] PackLoader:240 - Cannot read IP mode file for STMicroelectronics.X-CUBE-ST67W61.1.0.0
2025-10-17 13:26:17,873 [WARN] PackLoader:240 - Cannot read IP mode file for STMicroelectronics.X-CUBE-AI.10.2.0
2025-10-17 13:26:17,906 [WARN] PackLoader:240 - Cannot read IP mode file for SEGGER.I-CUBE-embOS.1.3.1
2025-10-17 13:26:17,947 [WARN] PackLoader:240 - Cannot read IP mode file for STMicroelectronics.X-CUBE-ALGOBUILD.1.4.0
2025-10-17 13:26:18,002 [WARN] PackLoader:240 - Cannot read IP mode file for STMicroelectronics.X-CUBE-MEMS1.11.3.0
2025-10-17 13:26:18,114 [WARN] PackLoader:240 - Cannot read IP mode file for STMicroelectronics.X-CUBE-PM33A1.1.0.0
2025-10-17 13:26:18,145 [WARN] PackLoader:240 - Cannot read IP mode file for STMicroelectronics.X-CUBE-AZRTOS-F4.1.1.0
2025-10-17 13:26:18,164 [WARN] PackLoader:240 - Cannot read IP mode file for STMicroelectronics.X-CUBE-ISPU.2.1.0
2025-10-17 13:26:18,172 [WARN] PackLoader:240 - Cannot read IP mode file for STMicroelectronics.X-CUBE-IPS.3.2.0
2025-10-17 13:26:18,196 [WARN] PackLoader:240 - Cannot read IP mode file for STMicroelectronics.X-CUBE-NFC12.1.0.0
2025-10-17 13:26:18,229 [WARN] PackLoader:240 - Cannot read IP mode file for STMicroelectronics.X-CUBE-AZRTOS-L5.2.0.0
2025-10-17 13:26:18,250 [WARN] PackLoader:240 - Cannot read IP mode file for STMicroelectronics.X-CUBE-NFC6.3.1.0
2025-10-17 13:26:18,272 [WARN] PackLoader:240 - Cannot read IP mode file for STMicroelectronics.X-CUBE-FREERTOS.1.3.1
2025-10-17 13:26:18,293 [WARN] PackLoader:240 - Cannot read IP mode file for STMicroelectronics.X-CUBE-TOUCHGFX.4.26.0
2025-10-17 13:26:18,314 [WARN] PackLoader:240 - Cannot read IP mode file for STMicroelectronics.FP-SNS-STAIOTCFT.1.0.0
2025-10-17 13:26:18,334 [WARN] PackLoader:240 - Cannot read IP mode file for STMicroelectronics.X-CUBE-DPower.1.3.0
2025-10-17 13:26:18,368 [WARN] ConditionMgr:438 - getConditionDescription Invalid condition id : LAN8742 Phy interface Condition cause : null
2025-10-17 13:26:18,369 [WARN] PackLoader:240 - Cannot read IP mode file for STMicroelectronics.X-CUBE-AZRTOS-L4.2.0.0
2025-10-17 13:26:18,370 [WARN] ConditionMgr:1044 - genDependencies : Invalid condition id : LAN8742 Phy interface Condition cause : null
2025-10-17 13:26:18,370 [WARN] ConditionMgr:1044 - genDependencies : Invalid condition id : LAN8742 Phy interface Condition cause : null
2025-10-17 13:26:18,370 [WARN] ConditionMgr:1044 - genDependencies : Invalid condition id : LAN8742 Phy interface Condition cause : null
2025-10-17 13:26:18,391 [WARN] PackLoader:240 - Cannot read IP mode file for STMicroelectronics.X-CUBE-SFXS2LP1.4.0.0
2025-10-17 13:26:18,411 [WARN] PackLoader:240 - Cannot read IP mode file for STMicroelectronics.X-CUBE-BLEMGR.4.1.0
2025-10-17 13:26:18,440 [WARN] ConditionMgr:438 - getConditionDescription Invalid condition id : UX DEVICE CLASS RTOS Condition cause : null
2025-10-17 13:26:18,441 [WARN] ConditionMgr:438 - getConditionDescription Invalid condition id : UX DEVICE CLASS RTOS Condition cause : null
2025-10-17 13:26:18,442 [WARN] PackLoader:240 - Cannot read IP mode file for STMicroelectronics.X-CUBE-AZRTOS-WB.2.0.0
2025-10-17 13:26:18,442 [WARN] ConditionMgr:1044 - genDependencies : Invalid condition id : UX DEVICE CLASS RTOS Condition cause : null
2025-10-17 13:26:18,442 [WARN] ConditionMgr:1044 - genDependencies : Invalid condition id : UX DEVICE CLASS RTOS Condition cause : null
2025-10-17 13:26:18,442 [WARN] ConditionMgr:1044 - genDependencies : Invalid condition id : UX DEVICE CLASS RTOS Condition cause : null
2025-10-17 13:26:18,443 [WARN] ConditionMgr:1044 - genDependencies : Invalid condition id : UX DEVICE CLASS RTOS Condition cause : null
2025-10-17 13:26:18,443 [WARN] ConditionMgr:1044 - genDependencies : Invalid condition id : UX DEVICE CLASS RTOS Condition cause : null
2025-10-17 13:26:18,461 [WARN] PackLoader:240 - Cannot read IP mode file for STMicroelectronics.X-CUBE-GNSS1.7.0.1
2025-10-17 13:26:18,478 [WARN] PackLoader:240 - Cannot read IP mode file for STMicroelectronics.X-CUBE-TOUCHGFX.4.25.0
2025-10-17 13:26:18,483 [WARN] ConditionMgr:438 - getConditionDescription Invalid condition id : Cortex-A Device cause : null
2025-10-17 13:26:18,516 [WARN] ConditionMgr:1044 - genDependencies : Invalid condition id : Cortex-A Device cause : null
2025-10-17 13:26:18,517 [WARN] ConditionMgr:1044 - genDependencies : Invalid condition id : Cortex-A Device cause : null
2025-10-17 13:26:18,517 [WARN] ConditionMgr:1044 - genDependencies : Invalid condition id : Cortex-A Device cause : null
2025-10-17 13:26:18,542 [WARN] PackLoader:240 - Cannot read IP mode file for STMicroelectronics.X-CUBE-SUBG2.5.0.0
2025-10-17 13:26:18,579 [WARN] PackLoader:240 - Cannot read IP mode file for STMicroelectronics.X-CUBE-AZRTOS-H7RS.1.1.0
2025-10-17 13:26:18,609 [WARN] PackLoader:240 - Cannot read IP mode file for STMicroelectronics.X-CUBE-AZRTOS-G4.2.0.0
2025-10-17 13:26:18,615 [WARN] PackLoader:240 - Cannot read IP mode file for wolfSSL.I-CUBE-wolfSSH.1.4.20
2025-10-17 13:26:18,633 [WARN] PackLoader:240 - Cannot read IP mode file for STMicroelectronics.X-CUBE-NFC7.2.0.0
2025-10-17 13:26:18,657 [WARN] PackLoader:240 - Cannot read IP mode file for STMicroelectronics.X-CUBE-IPS.3.1.0
2025-10-17 13:26:18,678 [WARN] PackLoader:240 - Cannot read IP mode file for STMicroelectronics.X-CUBE-ALS.1.0.2
2025-10-17 13:26:18,697 [WARN] PackLoader:240 - Cannot read IP mode file for STMicroelectronics.X-CUBE-STSE01.1.0.0
2025-10-17 13:26:18,720 [WARN] PackLoader:240 - Cannot read IP mode file for STMicroelectronics.X-CUBE-TOF1.3.4.3
2025-10-17 13:26:18,726 [INFO] ThirdParty:978 - Integrity check success = true
2025-10-17 13:26:18,726 [INFO] IntegrityCheckThread:100 - exiting critical section [integrity check]
2025-10-17 13:26:18,726 [INFO] IntegrityCheckThread:103 - End integrity checks thread
2025-10-17 13:28:48,336 [INFO] McuFinderGlobals:63 - Set McuFinder mode to 2 (CubeIDE integrated)
2025-10-17 13:28:48,377 [INFO] MainUpdater:2872 - connection check result : 10
2025-10-17 13:28:48,413 [INFO] McuFinderGlobals:76 - Set McuFinderConnectedMode to true
2025-10-17 13:28:48,719 [INFO] ServerAccessManage:452 - Complete download http(s) 200
2025-10-17 13:28:48,720 [INFO] ServerAccessManage:509 - Download File mcusAds.json._tmp_
2025-10-17 13:28:48,840 [INFO] LoadUrlFilesThread:156 - End of LoadUrlFiles Thread
2025-10-17 13:28:49,044 [INFO] ServerAccessManage:452 - Complete download http(s) 200
2025-10-17 13:28:49,045 [INFO] ServerAccessManage:509 - Download File cube-finder-db.zip
2025-10-17 13:28:50,895 [INFO] FileExtend:248 - Unzip File : cube-finder-db.zip
2025-10-17 13:28:50,895 [INFO] FileExtend:263 - Standard Zip Deflate
2025-10-17 13:28:51,977 [INFO] LoadUrlFilesThread:156 - End of LoadUrlFiles Thread
2025-10-17 13:28:52,958 [INFO] ServerAccessManage:452 - Complete download http(s) 200
2025-10-17 13:28:52,960 [INFO] ServerAccessManage:509 - Download File crdb.zip
2025-10-17 13:28:53,169 [ERROR] ServerAccessManage:740 - User Cancel Download : crdb.zip.
2025-10-17 13:28:53,269 [INFO] LoadUrlFilesThread:156 - End of LoadUrlFiles Thread
2025-10-17 13:28:55,516 [INFO] ProgressBarDialog:420 - C:\Users\Owner\.stmcufinder\plugins\mcufinder\mcu\cs\crdb.zip.tmp : file deleted.
2025-10-17 13:28:56,649 [INFO] DbMcusAds:53 - JSON generation date=Thu Oct 02 03:36:05 MDT 2025 (1759397765645)
2025-10-17 13:28:56,681 [ERROR] TargetSelectorAdapter:267 - Unable to refresh data
2025-10-17 13:29:01,018 [ERROR] LogOutputStream:75 - [STDERR_REDIRECT] java.lang.NullPointerException: Cannot invoke "org.eclipse.ui.IWorkbenchWindow.getShell()" because the return value of "org.eclipse.ui.IWorkbench.getActiveWorkbenchWindow()" is null
2025-10-17 13:29:01,022 [ERROR] LogOutputStream:75 - [STDERR_REDIRECT] 	at com.st.stm32cube.common.mx.targetselector.TargetSelectorAdapter.launchMCUFinder(TargetSelectorAdapter.java:284)
2025-10-17 13:29:01,028 [ERROR] LogOutputStream:75 - [STDERR_REDIRECT] 	at com.st.stm32cube.common.mx.targetselector.TargetSelectorAdapter.addTargetSelector(TargetSelectorAdapter.java:181)
2025-10-17 13:29:01,034 [ERROR] LogOutputStream:75 - [STDERR_REDIRECT] 	at com.st.stm32cube.common.projectcreation.ui.wizard.TargetSetupPageAbstract.createControl(TargetSetupPageAbstract.java:131)
2025-10-17 13:29:01,039 [ERROR] LogOutputStream:75 - [STDERR_REDIRECT] 	at org.eclipse.jface.wizard.Wizard.createPageControls(Wizard.java:180)
2025-10-17 13:29:01,044 [ERROR] LogOutputStream:75 - [STDERR_REDIRECT] 	at org.eclipse.jface.wizard.WizardDialog.createPageControls(WizardDialog.java:744)
2025-10-17 13:29:01,049 [ERROR] LogOutputStream:75 - [STDERR_REDIRECT] 	at org.eclipse.jface.wizard.WizardDialog.createContents(WizardDialog.java:637)
2025-10-17 13:29:01,053 [ERROR] LogOutputStream:75 - [STDERR_REDIRECT] 	at org.eclipse.jface.window.Window.create(Window.java:431)
2025-10-17 13:29:01,059 [ERROR] LogOutputStream:75 - [STDERR_REDIRECT] 	at org.eclipse.jface.dialogs.Dialog.create(Dialog.java:1092)
2025-10-17 13:29:01,062 [ERROR] LogOutputStream:75 - [STDERR_REDIRECT] 	at org.eclipse.jface.window.Window.open(Window.java:788)
2025-10-17 13:29:01,067 [ERROR] LogOutputStream:75 - [STDERR_REDIRECT] 	at com.st.stm32cube.ide.mcu.informationcenter.WelcomePageAction.run(WelcomePageAction.java:54)
2025-10-17 13:29:01,072 [ERROR] LogOutputStream:75 - [STDERR_REDIRECT] 	at org.eclipse.ui.internal.intro.impl.model.url.IntroURL.runAction(IntroURL.java:272)
2025-10-17 13:29:01,078 [ERROR] LogOutputStream:75 - [STDERR_REDIRECT] 	at org.eclipse.ui.internal.intro.impl.model.url.IntroURL.doExecute(IntroURL.java:187)
2025-10-17 13:29:01,085 [ERROR] LogOutputStream:75 - [STDERR_REDIRECT] 	at org.eclipse.ui.internal.intro.impl.model.url.IntroURL.lambda$0(IntroURL.java:142)
2025-10-17 13:29:01,089 [ERROR] LogOutputStream:75 - [STDERR_REDIRECT] 	at org.eclipse.swt.custom.BusyIndicator.showWhile(BusyIndicator.java:67)
2025-10-17 13:29:01,094 [ERROR] LogOutputStream:75 - [STDERR_REDIRECT] 	at org.eclipse.ui.internal.intro.impl.model.url.IntroURL.execute(IntroURL.java:142)
2025-10-17 13:29:01,100 [ERROR] LogOutputStream:75 - [STDERR_REDIRECT] 	at org.eclipse.ui.internal.intro.impl.presentations.BrowserIntroPartLocationListener.changing(BrowserIntroPartLocationListener.java:130)
2025-10-17 13:29:01,105 [ERROR] LogOutputStream:75 - [STDERR_REDIRECT] 	at org.eclipse.swt.browser.IE.lambda$6(IE.java:525)
2025-10-17 13:29:01,111 [ERROR] LogOutputStream:75 - [STDERR_REDIRECT] 	at org.eclipse.swt.ole.win32.OleEventTable.sendEvent(OleEventTable.java:57)
2025-10-17 13:29:01,118 [ERROR] LogOutputStream:75 - [STDERR_REDIRECT] 	at org.eclipse.swt.ole.win32.OleEventSink.notifyListener(OleEventSink.java:160)
2025-10-17 13:29:01,122 [ERROR] LogOutputStream:75 - [STDERR_REDIRECT] 	at org.eclipse.swt.ole.win32.OleEventSink.Invoke(OleEventSink.java:128)
2025-10-17 13:29:01,128 [ERROR] LogOutputStream:75 - [STDERR_REDIRECT] 	at org.eclipse.swt.ole.win32.OleEventSink$1.method6(OleEventSink.java:79)
2025-10-17 13:29:01,133 [ERROR] LogOutputStream:75 - [STDERR_REDIRECT] 	at org.eclipse.swt.internal.ole.win32.COMObject.callback6(COMObject.java:120)
2025-10-17 13:29:01,137 [ERROR] LogOutputStream:75 - [STDERR_REDIRECT] 	at org.eclipse.swt.internal.win32.OS.DispatchMessage(Native Method)
2025-10-17 13:29:01,142 [ERROR] LogOutputStream:75 - [STDERR_REDIRECT] 	at org.eclipse.swt.widgets.Display.readAndDispatch(Display.java:3710)
2025-10-17 13:29:01,147 [ERROR] LogOutputStream:75 - [STDERR_REDIRECT] 	at org.eclipse.e4.ui.internal.workbench.swt.PartRenderingEngine$5.run(PartRenderingEngine.java:1151)
2025-10-17 13:29:01,152 [ERROR] LogOutputStream:75 - [STDERR_REDIRECT] 	at org.eclipse.core.databinding.observable.Realm.runWithDefault(Realm.java:339)
2025-10-17 13:29:01,158 [ERROR] LogOutputStream:75 - [STDERR_REDIRECT] 	at org.eclipse.e4.ui.internal.workbench.swt.PartRenderingEngine.run(PartRenderingEngine.java:1042)
2025-10-17 13:29:01,163 [ERROR] LogOutputStream:75 - [STDERR_REDIRECT] 	at org.eclipse.e4.ui.internal.workbench.E4Workbench.createAndRunUI(E4Workbench.java:153)
2025-10-17 13:29:01,167 [ERROR] LogOutputStream:75 - [STDERR_REDIRECT] 	at org.eclipse.ui.internal.Workbench.lambda$3(Workbench.java:639)
2025-10-17 13:29:01,172 [ERROR] LogOutputStream:75 - [STDERR_REDIRECT] 	at org.eclipse.core.databinding.observable.Realm.runWithDefault(Realm.java:339)
2025-10-17 13:29:01,177 [ERROR] LogOutputStream:75 - [STDERR_REDIRECT] 	at org.eclipse.ui.internal.Workbench.createAndRunWorkbench(Workbench.java:546)
2025-10-17 13:29:01,182 [ERROR] LogOutputStream:75 - [STDERR_REDIRECT] 	at org.eclipse.ui.PlatformUI.createAndRunWorkbench(PlatformUI.java:173)
2025-10-17 13:29:01,186 [ERROR] LogOutputStream:75 - [STDERR_REDIRECT] 	at org.eclipse.ui.internal.ide.application.IDEApplication.start(IDEApplication.java:152)
2025-10-17 13:29:01,190 [ERROR] LogOutputStream:75 - [STDERR_REDIRECT] 	at org.eclipse.equinox.internal.app.EclipseAppHandle.run(EclipseAppHandle.java:208)
2025-10-17 13:29:01,196 [ERROR] LogOutputStream:75 - [STDERR_REDIRECT] 	at org.eclipse.core.runtime.internal.adaptor.EclipseAppLauncher.runApplication(EclipseAppLauncher.java:143)
2025-10-17 13:29:01,201 [ERROR] LogOutputStream:75 - [STDERR_REDIRECT] 	at org.eclipse.core.runtime.internal.adaptor.EclipseAppLauncher.start(EclipseAppLauncher.java:109)
2025-10-17 13:29:01,205 [ERROR] LogOutputStream:75 - [STDERR_REDIRECT] 	at org.eclipse.core.runtime.adaptor.EclipseStarter.run(EclipseStarter.java:439)
2025-10-17 13:29:01,208 [ERROR] LogOutputStream:75 - [STDERR_REDIRECT] 	at org.eclipse.core.runtime.adaptor.EclipseStarter.run(EclipseStarter.java:271)
2025-10-17 13:29:01,213 [ERROR] LogOutputStream:75 - [STDERR_REDIRECT] 	at java.base/jdk.internal.reflect.DirectMethodHandleAccessor.invoke(DirectMethodHandleAccessor.java:103)
2025-10-17 13:29:01,216 [ERROR] LogOutputStream:75 - [STDERR_REDIRECT] 	at java.base/java.lang.reflect.Method.invoke(Method.java:580)
2025-10-17 13:29:01,220 [ERROR] LogOutputStream:75 - [STDERR_REDIRECT] 	at org.eclipse.equinox.launcher.Main.invokeFramework(Main.java:668)
2025-10-17 13:29:01,223 [ERROR] LogOutputStream:75 - [STDERR_REDIRECT] 	at org.eclipse.equinox.launcher.Main.basicRun(Main.java:605)
2025-10-17 13:29:01,225 [ERROR] LogOutputStream:75 - [STDERR_REDIRECT] 	at org.eclipse.equinox.launcher.Main.run(Main.java:1481)
